Error in test 4: get_next_line(5: "read_error.txt"): expected: "aaaaaaaaaa\n", got: "ccccccccaaaaaaaaaa\n"
Probable reason: You should clear the static buffer when a call to read returns -1
Error in test 3: get_next_line(5: "read_error.txt"): expected: <NULL>, got: "cccccccccc\n"
Error in test 4: get_next_line(5: "read_error.txt"): expected: "aaaaaaaaaa\n", got: "dddddddddd\n"
Error in test 5: get_next_line(5: "read_error.txt"): expected: "bbbbbbbbbb\n", got: "aaaaaaaaaa\n"
Error in test 6: get_next_line(5: "read_error.txt"): expected: "cccccccccc\n", got: "bbbbbbbbbb\n"
Error in test 7: get_next_line(5: "read_error.txt"): expected: "dddddddddd\n", got: "cccccccccc\n"
Error in test 8: get_next_line(5: "read_error.txt"): expected: <NULL>, got: "dddddddddd\n"
Probable reason: You should clear the static buffer when a call to read returns -1
Error in test 9: get_next_line(5: "read_error.txt"): 
Memory leak: 0x602000000290 - 2 bytes
You failed to free the memory allocated at:
     in _add_malloc malloc_mock.c:29:8
     in malloc malloc_mock.c:75:10
  -> in ft_calloc get_next_line_utils.c:100:6
     in ft_next get_next_line.c:38:7
     in get_next_line get_next_line.c:106:9
     in test_gnl_func file_utils.c:40:8
     in main tester.c:193:2

Error in test 4: get_next_line(5: "read_error.txt"): expected: "aaaaaaaaaa\n", got: "ccccccccaaaaaaaaaa\n"
Probable reason: You should clear the static buffer when a call to read returns -1
Error in test 3: get_next_line(5: "read_error.txt"): expected: <NULL>, got: "cccccccccc\n"
Error in test 4: get_next_line(5: "read_error.txt"): expected: "aaaaaaaaaa\n", got: "dddddddddd\n"
Error in test 5: get_next_line(5: "read_error.txt"): expected: "bbbbbbbbbb\n", got: "aaaaaaaaaa\n"
Error in test 6: get_next_line(5: "read_error.txt"): expected: "cccccccccc\n", got: "bbbbbbbbbb\n"
Error in test 7: get_next_line(5: "read_error.txt"): expected: "dddddddddd\n", got: "cccccccccc\n"
Error in test 8: get_next_line(5: "read_error.txt"): expected: <NULL>, got: "dddddddddd\n"
Probable reason: You should clear the static buffer when a call to read returns -1
Error in test 9: get_next_line(5: "read_error.txt"): 
Memory leak: 0x602000000290 - 2 bytes
You failed to free the memory allocated at:
     in _add_malloc malloc_mock.c:29:8
     in malloc malloc_mock.c:75:10
  -> in ft_calloc get_next_line_utils_bonus.c:74:6
     in ft_next get_next_line_bonus.c:38:7
     in get_next_line get_next_line_bonus.c:108:2
     in test_gnl_func file_utils.c:40:8
     in main tester.c:193:2

Error in test 7: get_next_line(5: "open, error, open"): expected: "aaaaaaaaaa\n", got: "ccccccccaaaaaaaaaa\n"
Error in test 5: get_next_line(5: "open, error, open"): expected: <NULL>, got: "cccccccccc\n"
Error in test 7: get_next_line(5: "open, error, open"): expected: "aaaaaaaaaa\n", got: "dddddddddd\n"
Error in test 9: get_next_line(5: "open, error, open"): expected: "bbbbbbbbbb\n", got: "aaaaaaaaaa\n"
Error in test 10: get_next_line(5: "open, error, open"): expected: "cccccccccc\n", got: "bbbbbbbbbb\n"
Error in test 13: get_next_line(5: "open, error, open"): expected: "dddddddddd\n", got: "cccccccccc\n"
Error in test 14: get_next_line(5: "open, error, open"): expected: <NULL>, got: "dddddddddd\n"
Error in test 15: get_next_line(5: "open, error, open"): 
Memory leak: 0x6020000003d0 - 2 bytes
You failed to free the memory allocated at:
     in _add_malloc malloc_mock.c:29:8
     in malloc malloc_mock.c:75:10
  -> in ft_calloc get_next_line_utils_bonus.c:74:6
     in ft_next get_next_line_bonus.c:38:7
     in get_next_line get_next_line_bonus.c:108:2
     in test_gnl_func file_utils.c:40:8
     in main bonus.c:40:2

